<?xml version="1.0" encoding="UTF-8"?>
<!-- Generated by org.testng.reporters.JUnitXMLReporter -->
<testsuite hostname="TechAviator-PC" name="Default test" tests="6" failures="0" timestamp="3 Jun 2017 05:41:02 GMT" time="0.281" errors="0">
  <testcase name="testsummation" time="0.016" classname="Day6.driver_Summation"/>
  <testcase name="testsummation" time="0.0" classname="Day6.driver_Summation"/>
  <testcase name="testsummation" time="0.0" classname="Day6.driver_Summation"/>
  <testcase name="testsummation" time="0.0" classname="Day6.driver_Summation"/>
  <testcase name="testsummation" time="0.0" classname="Day6.driver_Summation"/>
  <testcase name="testsummation" time="0.0" classname="Day6.driver_Summation"/>
</testsuite> <!-- Default test -->
