<?xml version="1.0" encoding="UTF-8"?>
<testng-results skipped="0" failed="0" total="2" passed="2">
  <reporter-output>
  </reporter-output>
  <suite name="Suite" duration-ms="46636" started-at="2017-07-08T14:09:17Z" finished-at="2017-07-08T14:10:03Z">
    <groups>
    </groups>
    <test name="Testd2" duration-ms="37244" started-at="2017-07-08T14:09:17Z" finished-at="2017-07-08T14:09:54Z">
      <class name="Day5_session2.driver_mortgage">
        <test-method status="PASS" signature="Launchapp(java.lang.String)[pri:0, instance:Day5_session2.driver_mortgage@54a097cc]" name="Launchapp" is-config="true" duration-ms="10923" started-at="2017-07-08T19:39:17Z" finished-at="2017-07-08T19:39:27Z">
          <params>
            <param index="0">
              <value>
                <![CDATA[d2]]>
              </value>
            </param>
          </params>
          <reporter-output>
          </reporter-output>
        </test-method> <!-- Launchapp -->
        <test-method status="PASS" signature="EMI()[pri:0, instance:Day5_session2.driver_mortgage@54a097cc]" name="EMI" duration-ms="26258" started-at="2017-07-08T19:39:28Z" finished-at="2017-07-08T19:39:54Z">
          <reporter-output>
          </reporter-output>
        </test-method> <!-- EMI -->
      </class> <!-- Day5_session2.driver_mortgage -->
    </test> <!-- Testd2 -->
    <test name="Testd1" duration-ms="46636" started-at="2017-07-08T14:09:17Z" finished-at="2017-07-08T14:10:03Z">
      <class name="Day5_session2.driver_mortgage">
        <test-method status="PASS" signature="Launchapp(java.lang.String)[pri:0, instance:Day5_session2.driver_mortgage@26ba2a48]" name="Launchapp" is-config="true" duration-ms="18429" started-at="2017-07-08T19:39:17Z" finished-at="2017-07-08T19:39:35Z">
          <params>
            <param index="0">
              <value>
                <![CDATA[d1]]>
              </value>
            </param>
          </params>
          <reporter-output>
          </reporter-output>
        </test-method> <!-- Launchapp -->
        <test-method status="PASS" signature="EMI()[pri:0, instance:Day5_session2.driver_mortgage@26ba2a48]" name="EMI" duration-ms="28207" started-at="2017-07-08T19:39:35Z" finished-at="2017-07-08T19:40:03Z">
          <reporter-output>
          </reporter-output>
        </test-method> <!-- EMI -->
      </class> <!-- Day5_session2.driver_mortgage -->
    </test> <!-- Testd1 -->
  </suite> <!-- Suite -->
</testng-results>
